Add Component: Footprint Not Found C 0805
Add Component: Footprint Not Found C 0805
Add Component: Footprint Not Found C 0805
Add Component: Footprint Not Found C 0805
Add Component: Footprint Not Found C 0805
Add Component: Footprint Not Found C 0805
Add Component: Footprint Not Found C 0805
Add Component: Footprint Not Found C 0805
Add Component: Footprint Not Found C 0805
Add Component: Footprint Not Found C 0805
Add Component: Footprint Not Found C 0805
Add Component: Footprint Not Found C 0805
Add Component: Footprint Not Found C 1210
Add Component: Footprint Not Found C 0805
Add Component: Footprint Not Found C 0805
Add Component: Footprint Not Found C 0805
Add Component: Footprint Not Found 50A-40BX
Add Component: Footprint Not Found LQFP - 100
Add Component: Footprint Not Found SO16
Add Component: Footprint Not Found TMR 3WI Series
Add Component: Footprint Not Found TO-220
Add Component: Footprint Not Found TMR 3WI Series
Add Component: Footprint Not Found R 0805
Add Component: Footprint Not Found R 0805
Add Component: Footprint Not Found R 0805
Add Component: Footprint Not Found JBR-3266W
Add Component: Footprint Not Found R 0805
Add Component: Footprint Not Found R 0805
Add Component: Footprint Not Found R 0805
Add Component: Footprint Not Found R 0805
Add Component: Footprint Not Found R 0805
Add Component: Footprint Not Found R 0805
Add Component: Footprint Not Found R 0805
Add Component: Footprint Not Found R 0805
Add Component: Footprint Not Found R 0805
Add Component: Footprint Not Found R 0805
Add Component: Footprint Not Found R 0805
Add Component: Footprint Not Found R 0805
Add Component: Footprint Not Found R 0805
Add Component: Footprint Not Found R 0805
Add Component: Footprint Not Found R 0805
Add Component: Footprint Not Found R 0805
Add Component: Footprint Not Found R 0805
Add Component: Footprint Not Found R 0805
Add Component: Footprint Not Found R 0805
Add Component: Footprint Not Found R 0805
Add Component: Footprint Not Found R 0805
Add Component: Footprint Not Found R 0805
Add Component: Footprint Not Found R 0805
Add Component: Footprint Not Found R 0805
Add Component: Footprint Not Found RX27-1
Add Component: Footprint Not Found R 0805
Add Component: Footprint Not Found R 0805
Add Component: Footprint Not Found DIP4
Add Component: Footprint Not Found BR-10
Add Component: Footprint Not Found TO-220
Add Component: Footprint Not Found TO-92
Add Component: Footprint Not Found TO-92
Add Component: Footprint Not Found PLS-20
Add Component: Footprint Not Found PLS-2
Add Component: Footprint Not Found PLS-10
Add Component: Footprint Not Found 1-1123723-3
Add Component: Footprint Not Found PLS-4
Add Component: Footprint Not Found 1-1123723-3
Add Component: Footprint Not Found 1-1123723-3
Add Component: Footprint Not Found PLS-2
Add Component: Footprint Not Found 1-1123723-3
Add Component: Footprint Not Found HC-49S
Add Component: Footprint Not Found HC-49S
Add Component: Footprint Not Found KSE-100
Added Net: Name=+310Â
Added Net: Name=3.3Â
Added Net: Name=GND_310
Added Net: Name=GND
Added Net: Name=NetC1_1
Added Net: Name=NetC1_2
Added Net: Name=NetC2_1
Added Net: Name=NetC2_2
Added Net: Name=NetC3_1
Added Net: Name=NetC4_1
Added Net: Name=NetC5_1
Added Net: Name=NetC6_2
Added Net: Name=NetC7_2
Added Net: Name=NetC8_1
Added Net: Name=NetC9_1
Added Net: Name=NetC12_2
Added Net: Name=NetC13_2
Added Net: Name=NetD1_15
Added Net: Name=NetD1_26
Added Net: Name=NetD2_23
Added Net: Name=NetD2_31
Added Net: Name=NetD2_37
Added Net: Name=NetD2_54
Added Net: Name=NetD2_55
Added Net: Name=NetD2_56
Added Net: Name=NetD2_58
Added Net: Name=NetD2_60
Added Net: Name=NetD2_94
Added Net: Name=NetD3_5
Added Net: Name=NetD3_6
Added Net: Name=NetD3_16
Added Net: Name=NetD4_1
Added Net: Name=NetD4_2
Added Net: Name=NetD5_1
Added Net: Name=NetR8_2
Added Net: Name=NetR10_2
Added Net: Name=NetR11_2
Added Net: Name=NetR13_2
Added Net: Name=NetR16_2
Added Net: Name=NetR21_1
Added Net: Name=NetR22_1
Added Net: Name=NetR23_1
Added Net: Name=NetR26_1
Added Net: Name=NetR27_2
Added Net: Name=NetR29_2
Added Net: Name=NetVD1_AC1
Added Net: Name=NetVD1_AC2
Added Net: Name=NetVT1_2
Added Net: Name=NetX6_3
Added Net: Name=RST
Added Net: Name=RxD
Added Net: Name=SCL
Added Net: Name=SDA
Added Net: Name=TCK
Added Net: Name=TDI
Added Net: Name=TDO
Added Net: Name=TMS
Added Net: Name=TRST
Added Net: Name=TxD
Added Net: Name=U15
Added Net: Name=Uďó
Added Net: Name=Uřčě
Added Class: Name=ČŇĘŃ.687281.099Ý3
